************
Welcome to BayesFactor 0.9.12-4.2. If you have questions, please contact Richard Morey (richarddmorey@gmail.com).

Type BFManual() to open the manual.
************
── Attaching packages ─────────────────────────────────────── tidyverse 1.3.1 ──
✓ ggplot2 3.3.5     ✓ purrr   0.3.4
✓ tibble  3.1.5     ✓ dplyr   1.0.7
✓ tidyr   1.1.4     ✓ stringr 1.4.0
✓ readr   2.0.2     ✓ forcats 0.5.1
── Conflicts ────────────────────────────────────────── tidyverse_conflicts() ──
x dplyr::arrange()   masks plyr::arrange()
x purrr::compact()   masks plyr::compact()
x dplyr::count()     masks plyr::count()
x tidyr::expand()    masks Matrix::expand()
x dplyr::failwith()  masks plyr::failwith()
x dplyr::filter()    masks stats::filter()
x dplyr::id()        masks plyr::id()
x dplyr::lag()       masks stats::lag()
x dplyr::mutate()    masks plyr::mutate()
x tidyr::pack()      masks Matrix::pack()
x dplyr::rename()    masks plyr::rename()
x dplyr::summarise() masks plyr::summarise()
x dplyr::summarize() masks plyr::summarize()
x tidyr::unpack()    masks Matrix::unpack()

Attaching package: ‘glue’

The following object is masked from ‘package:dplyr’:

    collapse

t is large; approximation invoked.
t is large; approximation invoked.
t is large; approximation invoked.
t is large; approximation invoked.
t is large; approximation invoked.
t is large; approximation invoked.
t is large; approximation invoked.
t is large; approximation invoked.
t is large; approximation invoked.
t is large; approximation invoked.
t is large; approximation invoked.
t is large; approximation invoked.
t is large; approximation invoked.
t is large; approximation invoked.
t is large; approximation invoked.
t is large; approximation invoked.
t is large; approximation invoked.
t is large; approximation invoked.
t is large; approximation invoked.
t is large; approximation invoked.
t is large; approximation invoked.
t is large; approximation invoked.
